[0m2021.09.10 19:21:44 INFO  Started: Metals version 0.10.6 in workspace 'C:\Users\victo\Documents\Projetos do GIT\cg' for client Visual Studio Code 1.60.0.[0m
[0m2021.09.10 19:21:45 INFO  time: initialize in 1.19s[0m
[0m2021.09.10 19:21:46 WARN  Build server is not auto-connectable.[0m
[0m2021.09.10 19:21:46 WARN  no build tool detected in workspace 'C:\Users\victo\Documents\Projetos do GIT\cg'. The most common cause for this problem is that the editor was opened in the wrong working directory, for example if you use sbt then the workspace directory should contain build.sbt. [0m
set 10, 2021 7:46:39 PM org.eclipse.lsp4j.jsonrpc.services.GenericEndpoint notify
INFORMAÇÕES: Unsupported notification method: $/setTrace
[0m2021.09.11 16:49:17 INFO  Started: Metals version 0.10.6 in workspace 'C:\Users\victo\Documents\Projetos do GIT\cg' for client Visual Studio Code 1.60.0.[0m
[0m2021.09.11 16:49:18 INFO  time: initialize in 1.12s[0m
[0m2021.09.11 16:49:23 WARN  Build server is not auto-connectable.[0m
[0m2021.09.11 16:49:23 WARN  no build tool detected in workspace 'C:\Users\victo\Documents\Projetos do GIT\cg'. The most common cause for this problem is that the editor was opened in the wrong working directory, for example if you use sbt then the workspace directory should contain build.sbt. [0m
[0m2021.09.14 21:15:15 INFO  Started: Metals version 0.10.6 in workspace 'C:\Users\victo\Documents\Projetos do GIT\cg' for client Visual Studio Code 1.60.0.[0m
[0m2021.09.14 21:15:17 INFO  time: initialize in 2.21s[0m
[0m2021.09.14 21:15:24 WARN  Build server is not auto-connectable.[0m
[0m2021.09.14 21:15:24 WARN  no build tool detected in workspace 'C:\Users\victo\Documents\Projetos do GIT\cg'. The most common cause for this problem is that the editor was opened in the wrong working directory, for example if you use sbt then the workspace directory should contain build.sbt. [0m
[0m2021.09.17 20:27:18 INFO  Started: Metals version 0.10.6 in workspace 'C:\Users\victo\Documents\Projetos do GIT\cg' for client Visual Studio Code 1.60.0.[0m
[0m2021.09.17 20:27:19 INFO  time: initialize in 1.02s[0m
[0m2021.09.17 20:27:24 WARN  Build server is not auto-connectable.[0m
[0m2021.09.17 20:27:24 WARN  no build tool detected in workspace 'C:\Users\victo\Documents\Projetos do GIT\cg'. The most common cause for this problem is that the editor was opened in the wrong working directory, for example if you use sbt then the workspace directory should contain build.sbt. [0m
[0m2021.09.18 19:38:40 INFO  Started: Metals version 0.10.7 in workspace 'C:\Users\victo\Documents\Projetos do GIT\cg' for client Visual Studio Code 1.60.0.[0m
[0m2021.09.18 19:38:44 INFO  time: initialize in 3.52s[0m
[0m2021.09.18 19:39:00 WARN  Build server is not auto-connectable.[0m
[0m2021.09.18 19:39:00 WARN  no build tool detected in workspace 'C:\Users\victo\Documents\Projetos do GIT\cg'. The most common cause for this problem is that the editor was opened in the wrong working directory, for example if you use sbt then the workspace directory should contain build.sbt. [0m
[0m2021.09.18 21:47:08 INFO  shutting down Metals[0m
